
=============== MOCK EMAIL SENT [2026-05-19T12:23:11.204Z] ===============
To:      raj@thecorvusstudio.com
Subject: Your OTP for Corvus Leave System: 957145
------------------ Content -------------------

      <div style="background-color: #F4F6F8; padding: 40px; font-family: 'Inter', sans-serif;">
        <div style="max-width: 600px; margin: 0 auto; background-color: #FFFFFF; border-radius: 12px; box-shadow: 0 4px 12px rgba(0,0,0,0.05); overflow: hidden; border: 1px solid #E8ECF0;">
          <!-- Header -->
          <div style="background-color: #0A0B0D; padding: 30px; text-align: center;">
            <h1 style="color: #2FB7C9; margin: 0; font-size: 24px; letter-spacing: 1px; font-weight: 700;">CORVUS STUDIO</h1>
            <p style="color: #8A939E; margin: 5px 0 0 0; font-size: 12px; text-transform: uppercase; letter-spacing: 2px;">Leave Portal</p>
          </div>
          <!-- Body -->
          <div style="padding: 40px; color: #14181F;">
            <h2 style="font-size: 20px; font-weight: 600; margin-top: 0; margin-bottom: 20px;">Secure Login Access</h2>
            <p style="font-size: 15px; line-height: 1.6; color: #555;">Hello,</p>
            <p style="font-size: 15px; line-height: 1.6; color: #555;">Use the one-time password (OTP) below to authenticate your session. This OTP is valid for 5 minutes and can only be used once.</p>
            
            <div style="margin: 30px 0; text-align: center;">
              <span style="display: inline-block; background-color: #F4F6F8; color: #1F7A8C; font-size: 36px; font-weight: 700; letter-spacing: 6px; padding: 15px 30px; border-radius: 8px; border: 1px dashed #2FB7C9; font-family: monospace;">957145</span>
            </div>
            
            <p style="font-size: 13px; line-height: 1.5; color: #8A939E;">If you did not request this OTP, please ignore this email or reach out to security operations.</p>
          </div>
          <!-- Footer -->
          <div style="background-color: #F4F6F8; padding: 20px; text-align: center; border-top: 1px solid #E8ECF0; font-size: 12px; color: #8A939E;">
            &copy; 2026 Corvus Studio. All rights reserved.
          </div>
        </div>
      </div>
    
==============================================

=============== MOCK EMAIL SENT [2026-05-19T12:24:03.620Z] ===============
To:      raj@thecorvusstudio.com
Subject: Your OTP for Corvus Leave System: 817010
------------------ Content -------------------

      <div style="background-color: #F4F6F8; padding: 40px; font-family: 'Inter', sans-serif;">
        <div style="max-width: 600px; margin: 0 auto; background-color: #FFFFFF; border-radius: 12px; box-shadow: 0 4px 12px rgba(0,0,0,0.05); overflow: hidden; border: 1px solid #E8ECF0;">
          <!-- Header -->
          <div style="background-color: #0A0B0D; padding: 30px; text-align: center;">
            <h1 style="color: #2FB7C9; margin: 0; font-size: 24px; letter-spacing: 1px; font-weight: 700;">CORVUS STUDIO</h1>
            <p style="color: #8A939E; margin: 5px 0 0 0; font-size: 12px; text-transform: uppercase; letter-spacing: 2px;">Leave Portal</p>
          </div>
          <!-- Body -->
          <div style="padding: 40px; color: #14181F;">
            <h2 style="font-size: 20px; font-weight: 600; margin-top: 0; margin-bottom: 20px;">Secure Login Access</h2>
            <p style="font-size: 15px; line-height: 1.6; color: #555;">Hello,</p>
            <p style="font-size: 15px; line-height: 1.6; color: #555;">Use the one-time password (OTP) below to authenticate your session. This OTP is valid for 5 minutes and can only be used once.</p>
            
            <div style="margin: 30px 0; text-align: center;">
              <span style="display: inline-block; background-color: #F4F6F8; color: #1F7A8C; font-size: 36px; font-weight: 700; letter-spacing: 6px; padding: 15px 30px; border-radius: 8px; border: 1px dashed #2FB7C9; font-family: monospace;">817010</span>
            </div>
            
            <p style="font-size: 13px; line-height: 1.5; color: #8A939E;">If you did not request this OTP, please ignore this email or reach out to security operations.</p>
          </div>
          <!-- Footer -->
          <div style="background-color: #F4F6F8; padding: 20px; text-align: center; border-top: 1px solid #E8ECF0; font-size: 12px; color: #8A939E;">
            &copy; 2026 Corvus Studio. All rights reserved.
          </div>
        </div>
      </div>
    
==============================================

=============== MOCK EMAIL SENT [2026-05-19T12:35:12.502Z] ===============
To:      raj@thecorvusstudio.com
Subject: Your OTP for Corvus Leave System: 123456
------------------ Content -------------------

      <div style="background-color: #F4F6F8; padding: 40px; font-family: 'Inter', sans-serif;">
        <div style="max-width: 600px; margin: 0 auto; background-color: #FFFFFF; border-radius: 12px; box-shadow: 0 4px 12px rgba(0,0,0,0.05); overflow: hidden; border: 1px solid #E8ECF0;">
          <!-- Header -->
          <div style="background-color: #0A0B0D; padding: 30px; text-align: center;">
            <h1 style="color: #2FB7C9; margin: 0; font-size: 24px; letter-spacing: 1px; font-weight: 700;">CORVUS STUDIO</h1>
            <p style="color: #8A939E; margin: 5px 0 0 0; font-size: 12px; text-transform: uppercase; letter-spacing: 2px;">Leave Portal</p>
          </div>
          <!-- Body -->
          <div style="padding: 40px; color: #14181F;">
            <h2 style="font-size: 20px; font-weight: 600; margin-top: 0; margin-bottom: 20px;">Secure Login Access</h2>
            <p style="font-size: 15px; line-height: 1.6; color: #555;">Hello,</p>
            <p style="font-size: 15px; line-height: 1.6; color: #555;">Use the one-time password (OTP) below to authenticate your session. This OTP is valid for 5 minutes and can only be used once.</p>
            
            <div style="margin: 30px 0; text-align: center;">
              <span style="display: inline-block; background-color: #F4F6F8; color: #1F7A8C; font-size: 36px; font-weight: 700; letter-spacing: 6px; padding: 15px 30px; border-radius: 8px; border: 1px dashed #2FB7C9; font-family: monospace;">123456</span>
            </div>
            
            <p style="font-size: 13px; line-height: 1.5; color: #8A939E;">If you did not request this OTP, please ignore this email or reach out to security operations.</p>
          </div>
          <!-- Footer -->
          <div style="background-color: #F4F6F8; padding: 20px; text-align: center; border-top: 1px solid #E8ECF0; font-size: 12px; color: #8A939E;">
            &copy; 2026 Corvus Studio. All rights reserved.
          </div>
        </div>
      </div>
    
==============================================

=============== MOCK EMAIL SENT [2026-05-19T12:56:08.856Z] ===============
To:      ronika@thecorvusstudio.com
Subject: Your OTP for Corvus Leave System: 123456
------------------ Content -------------------

      <div style="background-color: #F4F6F8; padding: 40px; font-family: 'Inter', sans-serif;">
        <div style="max-width: 600px; margin: 0 auto; background-color: #FFFFFF; border-radius: 12px; box-shadow: 0 4px 12px rgba(0,0,0,0.05); overflow: hidden; border: 1px solid #E8ECF0;">
          <!-- Header -->
          <div style="background-color: #0A0B0D; padding: 30px; text-align: center;">
            <h1 style="color: #2FB7C9; margin: 0; font-size: 24px; letter-spacing: 1px; font-weight: 700;">CORVUS STUDIO</h1>
            <p style="color: #8A939E; margin: 5px 0 0 0; font-size: 12px; text-transform: uppercase; letter-spacing: 2px;">Leave Portal</p>
          </div>
          <!-- Body -->
          <div style="padding: 40px; color: #14181F;">
            <h2 style="font-size: 20px; font-weight: 600; margin-top: 0; margin-bottom: 20px;">Secure Login Access</h2>
            <p style="font-size: 15px; line-height: 1.6; color: #555;">Hello,</p>
            <p style="font-size: 15px; line-height: 1.6; color: #555;">Use the one-time password (OTP) below to authenticate your session. This OTP is valid for 5 minutes and can only be used once.</p>
            
            <div style="margin: 30px 0; text-align: center;">
              <span style="display: inline-block; background-color: #F4F6F8; color: #1F7A8C; font-size: 36px; font-weight: 700; letter-spacing: 6px; padding: 15px 30px; border-radius: 8px; border: 1px dashed #2FB7C9; font-family: monospace;">123456</span>
            </div>
            
            <p style="font-size: 13px; line-height: 1.5; color: #8A939E;">If you did not request this OTP, please ignore this email or reach out to security operations.</p>
          </div>
          <!-- Footer -->
          <div style="background-color: #F4F6F8; padding: 20px; text-align: center; border-top: 1px solid #E8ECF0; font-size: 12px; color: #8A939E;">
            &copy; 2026 Corvus Studio. All rights reserved.
          </div>
        </div>
      </div>
    
==============================================

=============== MOCK EMAIL SENT [2026-05-19T13:08:41.203Z] ===============
To:      ronika@thecorvusstudio.com
Subject: Your OTP for Corvus Leave System: 123456
------------------ Content -------------------

      <div style="background-color: #F4F6F8; padding: 40px; font-family: 'Inter', sans-serif;">
        <div style="max-width: 600px; margin: 0 auto; background-color: #FFFFFF; border-radius: 12px; box-shadow: 0 4px 12px rgba(0,0,0,0.05); overflow: hidden; border: 1px solid #E8ECF0;">
          <!-- Header -->
          <div style="background-color: #0A0B0D; padding: 30px; text-align: center;">
            <h1 style="color: #2FB7C9; margin: 0; font-size: 24px; letter-spacing: 1px; font-weight: 700;">CORVUS STUDIO</h1>
            <p style="color: #8A939E; margin: 5px 0 0 0; font-size: 12px; text-transform: uppercase; letter-spacing: 2px;">Leave Portal</p>
          </div>
          <!-- Body -->
          <div style="padding: 40px; color: #14181F;">
            <h2 style="font-size: 20px; font-weight: 600; margin-top: 0; margin-bottom: 20px;">Secure Login Access</h2>
            <p style="font-size: 15px; line-height: 1.6; color: #555;">Hello,</p>
            <p style="font-size: 15px; line-height: 1.6; color: #555;">Use the one-time password (OTP) below to authenticate your session. This OTP is valid for 5 minutes and can only be used once.</p>
            
            <div style="margin: 30px 0; text-align: center;">
              <span style="display: inline-block; background-color: #F4F6F8; color: #1F7A8C; font-size: 36px; font-weight: 700; letter-spacing: 6px; padding: 15px 30px; border-radius: 8px; border: 1px dashed #2FB7C9; font-family: monospace;">123456</span>
            </div>
            
            <p style="font-size: 13px; line-height: 1.5; color: #8A939E;">If you did not request this OTP, please ignore this email or reach out to security operations.</p>
          </div>
          <!-- Footer -->
          <div style="background-color: #F4F6F8; padding: 20px; text-align: center; border-top: 1px solid #E8ECF0; font-size: 12px; color: #8A939E;">
            &copy; 2026 Corvus Studio. All rights reserved.
          </div>
        </div>
      </div>
    
==============================================

=============== MOCK EMAIL SENT [2026-05-20T06:16:10.640Z] ===============
To:      raj@thecorvusstudio.com
Subject: Your OTP for Corvus Leave System: 123456
------------------ Content -------------------

      <div style="background-color: #F4F6F8; padding: 40px; font-family: 'Inter', sans-serif;">
        <div style="max-width: 600px; margin: 0 auto; background-color: #FFFFFF; border-radius: 12px; box-shadow: 0 4px 12px rgba(0,0,0,0.05); overflow: hidden; border: 1px solid #E8ECF0;">
          <!-- Header -->
          <div style="background-color: #0A0B0D; padding: 30px; text-align: center;">
            <h1 style="color: #2FB7C9; margin: 0; font-size: 24px; letter-spacing: 1px; font-weight: 700;">CORVUS STUDIO</h1>
            <p style="color: #8A939E; margin: 5px 0 0 0; font-size: 12px; text-transform: uppercase; letter-spacing: 2px;">Leave Portal</p>
          </div>
          <!-- Body -->
          <div style="padding: 40px; color: #14181F;">
            <h2 style="font-size: 20px; font-weight: 600; margin-top: 0; margin-bottom: 20px;">Secure Login Access</h2>
            <p style="font-size: 15px; line-height: 1.6; color: #555;">Hello,</p>
            <p style="font-size: 15px; line-height: 1.6; color: #555;">Use the one-time password (OTP) below to authenticate your session. This OTP is valid for 5 minutes and can only be used once.</p>
            
            <div style="margin: 30px 0; text-align: center;">
              <span style="display: inline-block; background-color: #F4F6F8; color: #1F7A8C; font-size: 36px; font-weight: 700; letter-spacing: 6px; padding: 15px 30px; border-radius: 8px; border: 1px dashed #2FB7C9; font-family: monospace;">123456</span>
            </div>
            
            <p style="font-size: 13px; line-height: 1.5; color: #8A939E;">If you did not request this OTP, please ignore this email or reach out to security operations.</p>
          </div>
          <!-- Footer -->
          <div style="background-color: #F4F6F8; padding: 20px; text-align: center; border-top: 1px solid #E8ECF0; font-size: 12px; color: #8A939E;">
            &copy; 2026 Corvus Studio. All rights reserved.
          </div>
        </div>
      </div>
    
==============================================

=============== MOCK EMAIL SENT [2026-05-20T06:18:03.842Z] ===============
To:      ruchita@thecorvusstudio.com
Subject: Your OTP for Corvus Leave System: 123456
------------------ Content -------------------

      <div style="background-color: #F4F6F8; padding: 40px; font-family: 'Inter', sans-serif;">
        <div style="max-width: 600px; margin: 0 auto; background-color: #FFFFFF; border-radius: 12px; box-shadow: 0 4px 12px rgba(0,0,0,0.05); overflow: hidden; border: 1px solid #E8ECF0;">
          <!-- Header -->
          <div style="background-color: #0A0B0D; padding: 30px; text-align: center;">
            <h1 style="color: #2FB7C9; margin: 0; font-size: 24px; letter-spacing: 1px; font-weight: 700;">CORVUS STUDIO</h1>
            <p style="color: #8A939E; margin: 5px 0 0 0; font-size: 12px; text-transform: uppercase; letter-spacing: 2px;">Leave Portal</p>
          </div>
          <!-- Body -->
          <div style="padding: 40px; color: #14181F;">
            <h2 style="font-size: 20px; font-weight: 600; margin-top: 0; margin-bottom: 20px;">Secure Login Access</h2>
            <p style="font-size: 15px; line-height: 1.6; color: #555;">Hello,</p>
            <p style="font-size: 15px; line-height: 1.6; color: #555;">Use the one-time password (OTP) below to authenticate your session. This OTP is valid for 5 minutes and can only be used once.</p>
            
            <div style="margin: 30px 0; text-align: center;">
              <span style="display: inline-block; background-color: #F4F6F8; color: #1F7A8C; font-size: 36px; font-weight: 700; letter-spacing: 6px; padding: 15px 30px; border-radius: 8px; border: 1px dashed #2FB7C9; font-family: monospace;">123456</span>
            </div>
            
            <p style="font-size: 13px; line-height: 1.5; color: #8A939E;">If you did not request this OTP, please ignore this email or reach out to security operations.</p>
          </div>
          <!-- Footer -->
          <div style="background-color: #F4F6F8; padding: 20px; text-align: center; border-top: 1px solid #E8ECF0; font-size: 12px; color: #8A939E;">
            &copy; 2026 Corvus Studio. All rights reserved.
          </div>
        </div>
      </div>
    
==============================================

=============== MOCK EMAIL SENT [2026-05-20T06:33:53.807Z] ===============
To:      nihar@thecorvusstudio.com
Subject: Your OTP for Corvus Leave System: 123456
------------------ Content -------------------

      <div style="background-color: #F4F6F8; padding: 40px; font-family: 'Inter', sans-serif;">
        <div style="max-width: 600px; margin: 0 auto; background-color: #FFFFFF; border-radius: 12px; box-shadow: 0 4px 12px rgba(0,0,0,0.05); overflow: hidden; border: 1px solid #E8ECF0;">
          <!-- Header -->
          <div style="background-color: #0A0B0D; padding: 30px; text-align: center;">
            <h1 style="color: #2FB7C9; margin: 0; font-size: 24px; letter-spacing: 1px; font-weight: 700;">CORVUS STUDIO</h1>
            <p style="color: #8A939E; margin: 5px 0 0 0; font-size: 12px; text-transform: uppercase; letter-spacing: 2px;">Leave Portal</p>
          </div>
          <!-- Body -->
          <div style="padding: 40px; color: #14181F;">
            <h2 style="font-size: 20px; font-weight: 600; margin-top: 0; margin-bottom: 20px;">Secure Login Access</h2>
            <p style="font-size: 15px; line-height: 1.6; color: #555;">Hello,</p>
            <p style="font-size: 15px; line-height: 1.6; color: #555;">Use the one-time password (OTP) below to authenticate your session. This OTP is valid for 5 minutes and can only be used once.</p>
            
            <div style="margin: 30px 0; text-align: center;">
              <span style="display: inline-block; background-color: #F4F6F8; color: #1F7A8C; font-size: 36px; font-weight: 700; letter-spacing: 6px; padding: 15px 30px; border-radius: 8px; border: 1px dashed #2FB7C9; font-family: monospace;">123456</span>
            </div>
            
            <p style="font-size: 13px; line-height: 1.5; color: #8A939E;">If you did not request this OTP, please ignore this email or reach out to security operations.</p>
          </div>
          <!-- Footer -->
          <div style="background-color: #F4F6F8; padding: 20px; text-align: center; border-top: 1px solid #E8ECF0; font-size: 12px; color: #8A939E;">
            &copy; 2026 Corvus Studio. All rights reserved.
          </div>
        </div>
      </div>
    
==============================================

=============== MOCK EMAIL SENT [2026-05-20T06:49:24.825Z] ===============
To:      nihar@thecorvusstudio.com
Subject: Your OTP for Corvus Leave System: 123456
------------------ Content -------------------

      <div style="background-color: #F4F6F8; padding: 40px; font-family: 'Inter', sans-serif;">
        <div style="max-width: 600px; margin: 0 auto; background-color: #FFFFFF; border-radius: 12px; box-shadow: 0 4px 12px rgba(0,0,0,0.05); overflow: hidden; border: 1px solid #E8ECF0;">
          <!-- Header -->
          <div style="background-color: #0A0B0D; padding: 30px; text-align: center;">
            <h1 style="color: #2FB7C9; margin: 0; font-size: 24px; letter-spacing: 1px; font-weight: 700;">CORVUS STUDIO</h1>
            <p style="color: #8A939E; margin: 5px 0 0 0; font-size: 12px; text-transform: uppercase; letter-spacing: 2px;">Leave Portal</p>
          </div>
          <!-- Body -->
          <div style="padding: 40px; color: #14181F;">
            <h2 style="font-size: 20px; font-weight: 600; margin-top: 0; margin-bottom: 20px;">Secure Login Access</h2>
            <p style="font-size: 15px; line-height: 1.6; color: #555;">Hello,</p>
            <p style="font-size: 15px; line-height: 1.6; color: #555;">Use the one-time password (OTP) below to authenticate your session. This OTP is valid for 5 minutes and can only be used once.</p>
            
            <div style="margin: 30px 0; text-align: center;">
              <span style="display: inline-block; background-color: #F4F6F8; color: #1F7A8C; font-size: 36px; font-weight: 700; letter-spacing: 6px; padding: 15px 30px; border-radius: 8px; border: 1px dashed #2FB7C9; font-family: monospace;">123456</span>
            </div>
            
            <p style="font-size: 13px; line-height: 1.5; color: #8A939E;">If you did not request this OTP, please ignore this email or reach out to security operations.</p>
          </div>
          <!-- Footer -->
          <div style="background-color: #F4F6F8; padding: 20px; text-align: center; border-top: 1px solid #E8ECF0; font-size: 12px; color: #8A939E;">
            &copy; 2026 Corvus Studio. All rights reserved.
          </div>
        </div>
      </div>
    
==============================================

=============== MOCK EMAIL SENT [2026-05-20T06:50:49.237Z] ===============
To:      chintan@thecorvusstudio.com
Subject: Your OTP for Corvus Leave System: 123456
------------------ Content -------------------

      <div style="background-color: #F4F6F8; padding: 40px; font-family: 'Inter', sans-serif;">
        <div style="max-width: 600px; margin: 0 auto; background-color: #FFFFFF; border-radius: 12px; box-shadow: 0 4px 12px rgba(0,0,0,0.05); overflow: hidden; border: 1px solid #E8ECF0;">
          <!-- Header -->
          <div style="background-color: #0A0B0D; padding: 30px; text-align: center;">
            <h1 style="color: #2FB7C9; margin: 0; font-size: 24px; letter-spacing: 1px; font-weight: 700;">CORVUS STUDIO</h1>
            <p style="color: #8A939E; margin: 5px 0 0 0; font-size: 12px; text-transform: uppercase; letter-spacing: 2px;">Leave Portal</p>
          </div>
          <!-- Body -->
          <div style="padding: 40px; color: #14181F;">
            <h2 style="font-size: 20px; font-weight: 600; margin-top: 0; margin-bottom: 20px;">Secure Login Access</h2>
            <p style="font-size: 15px; line-height: 1.6; color: #555;">Hello,</p>
            <p style="font-size: 15px; line-height: 1.6; color: #555;">Use the one-time password (OTP) below to authenticate your session. This OTP is valid for 5 minutes and can only be used once.</p>
            
            <div style="margin: 30px 0; text-align: center;">
              <span style="display: inline-block; background-color: #F4F6F8; color: #1F7A8C; font-size: 36px; font-weight: 700; letter-spacing: 6px; padding: 15px 30px; border-radius: 8px; border: 1px dashed #2FB7C9; font-family: monospace;">123456</span>
            </div>
            
            <p style="font-size: 13px; line-height: 1.5; color: #8A939E;">If you did not request this OTP, please ignore this email or reach out to security operations.</p>
          </div>
          <!-- Footer -->
          <div style="background-color: #F4F6F8; padding: 20px; text-align: center; border-top: 1px solid #E8ECF0; font-size: 12px; color: #8A939E;">
            &copy; 2026 Corvus Studio. All rights reserved.
          </div>
        </div>
      </div>
    
==============================================

=============== MOCK EMAIL SENT [2026-05-20T06:51:55.563Z] ===============
To:      nihar@thecorvusstudio.com
Subject: New Leave Request Filed: Chintan P - Sick Leave
------------------ Content -------------------

      <div style="background-color: #F4F6F8; padding: 40px; font-family: 'Inter', sans-serif;">
        <div style="max-width: 600px; margin: 0 auto; background-color: #FFFFFF; border-radius: 12px; box-shadow: 0 4px 12px rgba(0,0,0,0.05); overflow: hidden; border: 1px solid #E8ECF0;">
          <!-- Header -->
          <div style="background-color: #0A0B0D; padding: 30px; text-align: center;">
            <h1 style="color: #2FB7C9; margin: 0; font-size: 24px; letter-spacing: 1px; font-weight: 700;">CORVUS STUDIO</h1>
            <p style="color: #8A939E; margin: 5px 0 0 0; font-size: 12px; text-transform: uppercase; letter-spacing: 2px;">Leave Portal</p>
          </div>
          <!-- Body -->
          <div style="padding: 40px; color: #14181F;">
            <h2 style="font-size: 20px; font-weight: 600; margin-top: 0; margin-bottom: 20px;">New Leave Application</h2>
            <p style="font-size: 15px; line-height: 1.6; color: #555;">Hello Nihar,</p>
            <p style="font-size: 15px; line-height: 1.6; color: #555;">A new leave application has been submitted by <strong>Chintan P</strong> and requires your review.</p>
            
            <div style="background-color: #F4F6F8; padding: 20px; border-radius: 8px; margin: 25px 0; border-left: 4px solid #1F7A8C;">
              <table style="width: 100%; font-size: 14px; border-collapse: collapse;">
                <tr>
                  <td style="padding: 5px 0; color: #8A939E; width: 120px;">Employee:</td>
                  <td style="padding: 5px 0; font-weight: 600; color: #14181F;">Chintan P</td>
                </tr>
                <tr>
                  <td style="padding: 5px 0; color: #8A939E;">Leave Type:</td>
                  <td style="padding: 5px 0; font-weight: 600; color: #14181F;">Sick Leave</td>
                </tr>
                <tr>
                  <td style="padding: 5px 0; color: #8A939E;">Duration:</td>
                  <td style="padding: 5px 0; font-weight: 600; color: #14181F;">2026-05-21 to 2026-05-30 (7 day(s))</td>
                </tr>
                <tr>
                  <td style="padding: 5px 0; color: #8A939E;">Status:</td>
                  <td style="padding: 5px 0;">
                    <span style="display: inline-block; background-color: #3B82F6; color: #FFFFFF; font-size: 12px; font-weight: 600; padding: 3px 10px; border-radius: 12px;">Pending Medical Document</span>
                  </td>
                </tr>
                
                <tr>
                  <td style="padding: 10px 0 5px 0; color: #8A939E; vertical-align: top;">Reason:</td>
                  <td style="padding: 10px 0 5px 0; color: #14181F;">"dgfsqdjgdjkasdbksja"</td>
                </tr>
                
              </table>
            </div>
            
            <p style="font-size: 14px; line-height: 1.5; color: #555;">Please log in to the Corvus Portal to approve or reject this request.</p>
          </div>
          <!-- Footer -->
          <div style="background-color: #F4F6F8; padding: 20px; text-align: center; border-top: 1px solid #E8ECF0; font-size: 12px; color: #8A939E;">
            &copy; 2026 Corvus Studio. All rights reserved.
          </div>
        </div>
      </div>
    
==============================================

=============== MOCK EMAIL SENT [2026-05-20T06:52:20.421Z] ===============
To:      raj@thecorvusstudio.com
Subject: Your OTP for Corvus Leave System: 123456
------------------ Content -------------------

      <div style="background-color: #F4F6F8; padding: 40px; font-family: 'Inter', sans-serif;">
        <div style="max-width: 600px; margin: 0 auto; background-color: #FFFFFF; border-radius: 12px; box-shadow: 0 4px 12px rgba(0,0,0,0.05); overflow: hidden; border: 1px solid #E8ECF0;">
          <!-- Header -->
          <div style="background-color: #0A0B0D; padding: 30px; text-align: center;">
            <h1 style="color: #2FB7C9; margin: 0; font-size: 24px; letter-spacing: 1px; font-weight: 700;">CORVUS STUDIO</h1>
            <p style="color: #8A939E; margin: 5px 0 0 0; font-size: 12px; text-transform: uppercase; letter-spacing: 2px;">Leave Portal</p>
          </div>
          <!-- Body -->
          <div style="padding: 40px; color: #14181F;">
            <h2 style="font-size: 20px; font-weight: 600; margin-top: 0; margin-bottom: 20px;">Secure Login Access</h2>
            <p style="font-size: 15px; line-height: 1.6; color: #555;">Hello,</p>
            <p style="font-size: 15px; line-height: 1.6; color: #555;">Use the one-time password (OTP) below to authenticate your session. This OTP is valid for 5 minutes and can only be used once.</p>
            
            <div style="margin: 30px 0; text-align: center;">
              <span style="display: inline-block; background-color: #F4F6F8; color: #1F7A8C; font-size: 36px; font-weight: 700; letter-spacing: 6px; padding: 15px 30px; border-radius: 8px; border: 1px dashed #2FB7C9; font-family: monospace;">123456</span>
            </div>
            
            <p style="font-size: 13px; line-height: 1.5; color: #8A939E;">If you did not request this OTP, please ignore this email or reach out to security operations.</p>
          </div>
          <!-- Footer -->
          <div style="background-color: #F4F6F8; padding: 20px; text-align: center; border-top: 1px solid #E8ECF0; font-size: 12px; color: #8A939E;">
            &copy; 2026 Corvus Studio. All rights reserved.
          </div>
        </div>
      </div>
    
==============================================

=============== MOCK EMAIL SENT [2026-05-20T06:53:14.732Z] ===============
To:      nihar@thecorvusstudio.com
Subject: Your OTP for Corvus Leave System: 123456
------------------ Content -------------------

      <div style="background-color: #F4F6F8; padding: 40px; font-family: 'Inter', sans-serif;">
        <div style="max-width: 600px; margin: 0 auto; background-color: #FFFFFF; border-radius: 12px; box-shadow: 0 4px 12px rgba(0,0,0,0.05); overflow: hidden; border: 1px solid #E8ECF0;">
          <!-- Header -->
          <div style="background-color: #0A0B0D; padding: 30px; text-align: center;">
            <h1 style="color: #2FB7C9; margin: 0; font-size: 24px; letter-spacing: 1px; font-weight: 700;">CORVUS STUDIO</h1>
            <p style="color: #8A939E; margin: 5px 0 0 0; font-size: 12px; text-transform: uppercase; letter-spacing: 2px;">Leave Portal</p>
          </div>
          <!-- Body -->
          <div style="padding: 40px; color: #14181F;">
            <h2 style="font-size: 20px; font-weight: 600; margin-top: 0; margin-bottom: 20px;">Secure Login Access</h2>
            <p style="font-size: 15px; line-height: 1.6; color: #555;">Hello,</p>
            <p style="font-size: 15px; line-height: 1.6; color: #555;">Use the one-time password (OTP) below to authenticate your session. This OTP is valid for 5 minutes and can only be used once.</p>
            
            <div style="margin: 30px 0; text-align: center;">
              <span style="display: inline-block; background-color: #F4F6F8; color: #1F7A8C; font-size: 36px; font-weight: 700; letter-spacing: 6px; padding: 15px 30px; border-radius: 8px; border: 1px dashed #2FB7C9; font-family: monospace;">123456</span>
            </div>
            
            <p style="font-size: 13px; line-height: 1.5; color: #8A939E;">If you did not request this OTP, please ignore this email or reach out to security operations.</p>
          </div>
          <!-- Footer -->
          <div style="background-color: #F4F6F8; padding: 20px; text-align: center; border-top: 1px solid #E8ECF0; font-size: 12px; color: #8A939E;">
            &copy; 2026 Corvus Studio. All rights reserved.
          </div>
        </div>
      </div>
    
==============================================

=============== MOCK EMAIL SENT [2026-05-20T06:54:52.058Z] ===============
To:      chintan@thecorvusstudio.com
Subject: Leave Request Update: Approved
------------------ Content -------------------

      <div style="background-color: #F4F6F8; padding: 40px; font-family: 'Inter', sans-serif;">
        <div style="max-width: 600px; margin: 0 auto; background-color: #FFFFFF; border-radius: 12px; box-shadow: 0 4px 12px rgba(0,0,0,0.05); overflow: hidden; border: 1px solid #E8ECF0;">
          <!-- Header -->
          <div style="background-color: #0A0B0D; padding: 30px; text-align: center;">
            <h1 style="color: #2FB7C9; margin: 0; font-size: 24px; letter-spacing: 1px; font-weight: 700;">CORVUS STUDIO</h1>
            <p style="color: #8A939E; margin: 5px 0 0 0; font-size: 12px; text-transform: uppercase; letter-spacing: 2px;">Leave Portal</p>
          </div>
          <!-- Body -->
          <div style="padding: 40px; color: #14181F;">
            <h2 style="font-size: 20px; font-weight: 600; margin-top: 0; margin-bottom: 20px;">Leave Request Update</h2>
            <p style="font-size: 15px; line-height: 1.6; color: #555;">Hello Chintan P,</p>
            <p style="font-size: 15px; line-height: 1.6; color: #555;">There has been an update regarding your recent leave application request.</p>
            
            <div style="background-color: #F4F6F8; padding: 20px; border-radius: 8px; margin: 25px 0; border-left: 4px solid #1F7A8C;">
              <table style="width: 100%; font-size: 14px; border-collapse: collapse;">
                <tr>
                  <td style="padding: 5px 0; color: #8A939E; width: 120px;">Leave Type:</td>
                  <td style="padding: 5px 0; font-weight: 600; color: #14181F;">Sick Leave</td>
                </tr>
                <tr>
                  <td style="padding: 5px 0; color: #8A939E;">Duration:</td>
                  <td style="padding: 5px 0; font-weight: 600; color: #14181F;">2026-05-21 to 2026-05-30 (7.0 day(s))</td>
                </tr>
                <tr>
                  <td style="padding: 5px 0; color: #8A939E;">Status:</td>
                  <td style="padding: 5px 0;">
                    <span style="display: inline-block; background-color: #10B981; color: #FFFFFF; font-size: 12px; font-weight: 600; padding: 3px 10px; border-radius: 12px;">Approved</span>
                  </td>
                </tr>
                
              </table>
            </div>
            
            <p style="font-size: 14px; line-height: 1.5; color: #555;">Log in to the Corvus Portal to view full analytics or history records.</p>
          </div>
          <!-- Footer -->
          <div style="background-color: #F4F6F8; padding: 20px; text-align: center; border-top: 1px solid #E8ECF0; font-size: 12px; color: #8A939E;">
            &copy; 2026 Corvus Studio. All rights reserved.
          </div>
        </div>
      </div>
    
==============================================

=============== MOCK EMAIL SENT [2026-05-20T06:55:46.061Z] ===============
To:      chintan@thecorvusstudio.com
Subject: Your OTP for Corvus Leave System: 123456
------------------ Content -------------------

      <div style="background-color: #F4F6F8; padding: 40px; font-family: 'Inter', sans-serif;">
        <div style="max-width: 600px; margin: 0 auto; background-color: #FFFFFF; border-radius: 12px; box-shadow: 0 4px 12px rgba(0,0,0,0.05); overflow: hidden; border: 1px solid #E8ECF0;">
          <!-- Header -->
          <div style="background-color: #0A0B0D; padding: 30px; text-align: center;">
            <h1 style="color: #2FB7C9; margin: 0; font-size: 24px; letter-spacing: 1px; font-weight: 700;">CORVUS STUDIO</h1>
            <p style="color: #8A939E; margin: 5px 0 0 0; font-size: 12px; text-transform: uppercase; letter-spacing: 2px;">Leave Portal</p>
          </div>
          <!-- Body -->
          <div style="padding: 40px; color: #14181F;">
            <h2 style="font-size: 20px; font-weight: 600; margin-top: 0; margin-bottom: 20px;">Secure Login Access</h2>
            <p style="font-size: 15px; line-height: 1.6; color: #555;">Hello,</p>
            <p style="font-size: 15px; line-height: 1.6; color: #555;">Use the one-time password (OTP) below to authenticate your session. This OTP is valid for 5 minutes and can only be used once.</p>
            
            <div style="margin: 30px 0; text-align: center;">
              <span style="display: inline-block; background-color: #F4F6F8; color: #1F7A8C; font-size: 36px; font-weight: 700; letter-spacing: 6px; padding: 15px 30px; border-radius: 8px; border: 1px dashed #2FB7C9; font-family: monospace;">123456</span>
            </div>
            
            <p style="font-size: 13px; line-height: 1.5; color: #8A939E;">If you did not request this OTP, please ignore this email or reach out to security operations.</p>
          </div>
          <!-- Footer -->
          <div style="background-color: #F4F6F8; padding: 20px; text-align: center; border-top: 1px solid #E8ECF0; font-size: 12px; color: #8A939E;">
            &copy; 2026 Corvus Studio. All rights reserved.
          </div>
        </div>
      </div>
    
==============================================

=============== MOCK EMAIL SENT [2026-05-20T07:05:29.548Z] ===============
To:      chintan@thecorvusstudio.com
Subject: Your OTP for Corvus Leave System: 123456
------------------ Content -------------------

      <div style="background-color: #F4F6F8; padding: 40px; font-family: 'Inter', sans-serif;">
        <div style="max-width: 600px; margin: 0 auto; background-color: #FFFFFF; border-radius: 12px; box-shadow: 0 4px 12px rgba(0,0,0,0.05); overflow: hidden; border: 1px solid #E8ECF0;">
          <!-- Header -->
          <div style="background-color: #0A0B0D; padding: 30px; text-align: center;">
            <h1 style="color: #2FB7C9; margin: 0; font-size: 24px; letter-spacing: 1px; font-weight: 700;">CORVUS STUDIO</h1>
            <p style="color: #8A939E; margin: 5px 0 0 0; font-size: 12px; text-transform: uppercase; letter-spacing: 2px;">Leave Portal</p>
          </div>
          <!-- Body -->
          <div style="padding: 40px; color: #14181F;">
            <h2 style="font-size: 20px; font-weight: 600; margin-top: 0; margin-bottom: 20px;">Secure Login Access</h2>
            <p style="font-size: 15px; line-height: 1.6; color: #555;">Hello,</p>
            <p style="font-size: 15px; line-height: 1.6; color: #555;">Use the one-time password (OTP) below to authenticate your session. This OTP is valid for 5 minutes and can only be used once.</p>
            
            <div style="margin: 30px 0; text-align: center;">
              <span style="display: inline-block; background-color: #F4F6F8; color: #1F7A8C; font-size: 36px; font-weight: 700; letter-spacing: 6px; padding: 15px 30px; border-radius: 8px; border: 1px dashed #2FB7C9; font-family: monospace;">123456</span>
            </div>
            
            <p style="font-size: 13px; line-height: 1.5; color: #8A939E;">If you did not request this OTP, please ignore this email or reach out to security operations.</p>
          </div>
          <!-- Footer -->
          <div style="background-color: #F4F6F8; padding: 20px; text-align: center; border-top: 1px solid #E8ECF0; font-size: 12px; color: #8A939E;">
            &copy; 2026 Corvus Studio. All rights reserved.
          </div>
        </div>
      </div>
    
==============================================

=============== MOCK EMAIL SENT [2026-05-20T07:07:03.407Z] ===============
To:      raj@thecorvusstudio.com
Subject: Your OTP for Corvus Leave System: 123456
------------------ Content -------------------

      <div style="background-color: #F4F6F8; padding: 40px; font-family: 'Inter', sans-serif;">
        <div style="max-width: 600px; margin: 0 auto; background-color: #FFFFFF; border-radius: 12px; box-shadow: 0 4px 12px rgba(0,0,0,0.05); overflow: hidden; border: 1px solid #E8ECF0;">
          <!-- Header -->
          <div style="background-color: #0A0B0D; padding: 30px; text-align: center;">
            <h1 style="color: #2FB7C9; margin: 0; font-size: 24px; letter-spacing: 1px; font-weight: 700;">CORVUS STUDIO</h1>
            <p style="color: #8A939E; margin: 5px 0 0 0; font-size: 12px; text-transform: uppercase; letter-spacing: 2px;">Leave Portal</p>
          </div>
          <!-- Body -->
          <div style="padding: 40px; color: #14181F;">
            <h2 style="font-size: 20px; font-weight: 600; margin-top: 0; margin-bottom: 20px;">Secure Login Access</h2>
            <p style="font-size: 15px; line-height: 1.6; color: #555;">Hello,</p>
            <p style="font-size: 15px; line-height: 1.6; color: #555;">Use the one-time password (OTP) below to authenticate your session. This OTP is valid for 5 minutes and can only be used once.</p>
            
            <div style="margin: 30px 0; text-align: center;">
              <span style="display: inline-block; background-color: #F4F6F8; color: #1F7A8C; font-size: 36px; font-weight: 700; letter-spacing: 6px; padding: 15px 30px; border-radius: 8px; border: 1px dashed #2FB7C9; font-family: monospace;">123456</span>
            </div>
            
            <p style="font-size: 13px; line-height: 1.5; color: #8A939E;">If you did not request this OTP, please ignore this email or reach out to security operations.</p>
          </div>
          <!-- Footer -->
          <div style="background-color: #F4F6F8; padding: 20px; text-align: center; border-top: 1px solid #E8ECF0; font-size: 12px; color: #8A939E;">
            &copy; 2026 Corvus Studio. All rights reserved.
          </div>
        </div>
      </div>
    
==============================================

=============== MOCK EMAIL SENT [2026-05-20T07:12:18.394Z] ===============
To:      chintan@thecorvusstudio.com
Subject: Your OTP for Corvus Leave System: 123456
------------------ Content -------------------

      <div style="background-color: #F4F6F8; padding: 40px; font-family: 'Inter', sans-serif;">
        <div style="max-width: 600px; margin: 0 auto; background-color: #FFFFFF; border-radius: 12px; box-shadow: 0 4px 12px rgba(0,0,0,0.05); overflow: hidden; border: 1px solid #E8ECF0;">
          <!-- Header -->
          <div style="background-color: #0A0B0D; padding: 30px; text-align: center;">
            <h1 style="color: #2FB7C9; margin: 0; font-size: 24px; letter-spacing: 1px; font-weight: 700;">CORVUS STUDIO</h1>
            <p style="color: #8A939E; margin: 5px 0 0 0; font-size: 12px; text-transform: uppercase; letter-spacing: 2px;">Leave Portal</p>
          </div>
          <!-- Body -->
          <div style="padding: 40px; color: #14181F;">
            <h2 style="font-size: 20px; font-weight: 600; margin-top: 0; margin-bottom: 20px;">Secure Login Access</h2>
            <p style="font-size: 15px; line-height: 1.6; color: #555;">Hello,</p>
            <p style="font-size: 15px; line-height: 1.6; color: #555;">Use the one-time password (OTP) below to authenticate your session. This OTP is valid for 5 minutes and can only be used once.</p>
            
            <div style="margin: 30px 0; text-align: center;">
              <span style="display: inline-block; background-color: #F4F6F8; color: #1F7A8C; font-size: 36px; font-weight: 700; letter-spacing: 6px; padding: 15px 30px; border-radius: 8px; border: 1px dashed #2FB7C9; font-family: monospace;">123456</span>
            </div>
            
            <p style="font-size: 13px; line-height: 1.5; color: #8A939E;">If you did not request this OTP, please ignore this email or reach out to security operations.</p>
          </div>
          <!-- Footer -->
          <div style="background-color: #F4F6F8; padding: 20px; text-align: center; border-top: 1px solid #E8ECF0; font-size: 12px; color: #8A939E;">
            &copy; 2026 Corvus Studio. All rights reserved.
          </div>
        </div>
      </div>
    
==============================================

=============== MOCK EMAIL SENT [2026-05-20T07:55:31.120Z] ===============
To:      nihar@thecorvusstudio.com
Subject: Your OTP for Corvus Leave System: 123456
------------------ Content -------------------

      <div style="background-color: #F4F6F8; padding: 40px; font-family: 'Inter', sans-serif;">
        <div style="max-width: 600px; margin: 0 auto; background-color: #FFFFFF; border-radius: 12px; box-shadow: 0 4px 12px rgba(0,0,0,0.05); overflow: hidden; border: 1px solid #E8ECF0;">
          <!-- Header -->
          <div style="background-color: #0A0B0D; padding: 30px; text-align: center;">
            <h1 style="color: #2FB7C9; margin: 0; font-size: 24px; letter-spacing: 1px; font-weight: 700;">CORVUS STUDIO</h1>
            <p style="color: #8A939E; margin: 5px 0 0 0; font-size: 12px; text-transform: uppercase; letter-spacing: 2px;">Leave Portal</p>
          </div>
          <!-- Body -->
          <div style="padding: 40px; color: #14181F;">
            <h2 style="font-size: 20px; font-weight: 600; margin-top: 0; margin-bottom: 20px;">Secure Login Access</h2>
            <p style="font-size: 15px; line-height: 1.6; color: #555;">Hello,</p>
            <p style="font-size: 15px; line-height: 1.6; color: #555;">Use the one-time password (OTP) below to authenticate your session. This OTP is valid for 5 minutes and can only be used once.</p>
            
            <div style="margin: 30px 0; text-align: center;">
              <span style="display: inline-block; background-color: #F4F6F8; color: #1F7A8C; font-size: 36px; font-weight: 700; letter-spacing: 6px; padding: 15px 30px; border-radius: 8px; border: 1px dashed #2FB7C9; font-family: monospace;">123456</span>
            </div>
            
            <p style="font-size: 13px; line-height: 1.5; color: #8A939E;">If you did not request this OTP, please ignore this email or reach out to security operations.</p>
          </div>
          <!-- Footer -->
          <div style="background-color: #F4F6F8; padding: 20px; text-align: center; border-top: 1px solid #E8ECF0; font-size: 12px; color: #8A939E;">
            &copy; 2026 Corvus Studio. All rights reserved.
          </div>
        </div>
      </div>
    
==============================================

=============== MOCK EMAIL SENT [2026-05-20T07:56:08.219Z] ===============
To:      raj@thecorvusstudio.com
Subject: Your OTP for Corvus Leave System: 123456
------------------ Content -------------------

      <div style="background-color: #F4F6F8; padding: 40px; font-family: 'Inter', sans-serif;">
        <div style="max-width: 600px; margin: 0 auto; background-color: #FFFFFF; border-radius: 12px; box-shadow: 0 4px 12px rgba(0,0,0,0.05); overflow: hidden; border: 1px solid #E8ECF0;">
          <!-- Header -->
          <div style="background-color: #0A0B0D; padding: 30px; text-align: center;">
            <h1 style="color: #2FB7C9; margin: 0; font-size: 24px; letter-spacing: 1px; font-weight: 700;">CORVUS STUDIO</h1>
            <p style="color: #8A939E; margin: 5px 0 0 0; font-size: 12px; text-transform: uppercase; letter-spacing: 2px;">Leave Portal</p>
          </div>
          <!-- Body -->
          <div style="padding: 40px; color: #14181F;">
            <h2 style="font-size: 20px; font-weight: 600; margin-top: 0; margin-bottom: 20px;">Secure Login Access</h2>
            <p style="font-size: 15px; line-height: 1.6; color: #555;">Hello,</p>
            <p style="font-size: 15px; line-height: 1.6; color: #555;">Use the one-time password (OTP) below to authenticate your session. This OTP is valid for 5 minutes and can only be used once.</p>
            
            <div style="margin: 30px 0; text-align: center;">
              <span style="display: inline-block; background-color: #F4F6F8; color: #1F7A8C; font-size: 36px; font-weight: 700; letter-spacing: 6px; padding: 15px 30px; border-radius: 8px; border: 1px dashed #2FB7C9; font-family: monospace;">123456</span>
            </div>
            
            <p style="font-size: 13px; line-height: 1.5; color: #8A939E;">If you did not request this OTP, please ignore this email or reach out to security operations.</p>
          </div>
          <!-- Footer -->
          <div style="background-color: #F4F6F8; padding: 20px; text-align: center; border-top: 1px solid #E8ECF0; font-size: 12px; color: #8A939E;">
            &copy; 2026 Corvus Studio. All rights reserved.
          </div>
        </div>
      </div>
    
==============================================

=============== MOCK EMAIL SENT [2026-05-20T08:48:08.924Z] ===============
To:      ronika@thecorvusstudio.com
Subject: Your OTP for Corvus Leave System: 123456
------------------ Content -------------------

      <div style="background-color: #F4F6F8; padding: 40px; font-family: 'Inter', sans-serif;">
        <div style="max-width: 600px; margin: 0 auto; background-color: #FFFFFF; border-radius: 12px; box-shadow: 0 4px 12px rgba(0,0,0,0.05); overflow: hidden; border: 1px solid #E8ECF0;">
          <!-- Header -->
          <div style="background-color: #0A0B0D; padding: 30px; text-align: center;">
            <h1 style="color: #2FB7C9; margin: 0; font-size: 24px; letter-spacing: 1px; font-weight: 700;">CORVUS STUDIO</h1>
            <p style="color: #8A939E; margin: 5px 0 0 0; font-size: 12px; text-transform: uppercase; letter-spacing: 2px;">Leave Portal</p>
          </div>
          <!-- Body -->
          <div style="padding: 40px; color: #14181F;">
            <h2 style="font-size: 20px; font-weight: 600; margin-top: 0; margin-bottom: 20px;">Secure Login Access</h2>
            <p style="font-size: 15px; line-height: 1.6; color: #555;">Hello,</p>
            <p style="font-size: 15px; line-height: 1.6; color: #555;">Use the one-time password (OTP) below to authenticate your session. This OTP is valid for 5 minutes and can only be used once.</p>
            
            <div style="margin: 30px 0; text-align: center;">
              <span style="display: inline-block; background-color: #F4F6F8; color: #1F7A8C; font-size: 36px; font-weight: 700; letter-spacing: 6px; padding: 15px 30px; border-radius: 8px; border: 1px dashed #2FB7C9; font-family: monospace;">123456</span>
            </div>
            
            <p style="font-size: 13px; line-height: 1.5; color: #8A939E;">If you did not request this OTP, please ignore this email or reach out to security operations.</p>
          </div>
          <!-- Footer -->
          <div style="background-color: #F4F6F8; padding: 20px; text-align: center; border-top: 1px solid #E8ECF0; font-size: 12px; color: #8A939E;">
            &copy; 2026 Corvus Studio. All rights reserved.
          </div>
        </div>
      </div>
    
==============================================

=============== MOCK EMAIL SENT [2026-05-20T08:50:05.161Z] ===============
To:      nihar@thecorvusstudio.com
Subject: New Leave Request Filed: Ronika Walia - Sick Leave
------------------ Content -------------------

      <div style="background-color: #F4F6F8; padding: 40px; font-family: 'Inter', sans-serif;">
        <div style="max-width: 600px; margin: 0 auto; background-color: #FFFFFF; border-radius: 12px; box-shadow: 0 4px 12px rgba(0,0,0,0.05); overflow: hidden; border: 1px solid #E8ECF0;">
          <!-- Header -->
          <div style="background-color: #0A0B0D; padding: 30px; text-align: center;">
            <h1 style="color: #2FB7C9; margin: 0; font-size: 24px; letter-spacing: 1px; font-weight: 700;">CORVUS STUDIO</h1>
            <p style="color: #8A939E; margin: 5px 0 0 0; font-size: 12px; text-transform: uppercase; letter-spacing: 2px;">Leave Portal</p>
          </div>
          <!-- Body -->
          <div style="padding: 40px; color: #14181F;">
            <h2 style="font-size: 20px; font-weight: 600; margin-top: 0; margin-bottom: 20px;">New Leave Application</h2>
            <p style="font-size: 15px; line-height: 1.6; color: #555;">Hello Nihar,</p>
            <p style="font-size: 15px; line-height: 1.6; color: #555;">A new leave application has been submitted by <strong>Ronika Walia</strong> and requires your review.</p>
            
            <div style="background-color: #F4F6F8; padding: 20px; border-radius: 8px; margin: 25px 0; border-left: 4px solid #1F7A8C;">
              <table style="width: 100%; font-size: 14px; border-collapse: collapse;">
                <tr>
                  <td style="padding: 5px 0; color: #8A939E; width: 120px;">Employee:</td>
                  <td style="padding: 5px 0; font-weight: 600; color: #14181F;">Ronika Walia</td>
                </tr>
                <tr>
                  <td style="padding: 5px 0; color: #8A939E;">Leave Type:</td>
                  <td style="padding: 5px 0; font-weight: 600; color: #14181F;">Sick Leave</td>
                </tr>
                <tr>
                  <td style="padding: 5px 0; color: #8A939E;">Duration:</td>
                  <td style="padding: 5px 0; font-weight: 600; color: #14181F;">2026-05-20 to 2026-05-22 (3 day(s))</td>
                </tr>
                <tr>
                  <td style="padding: 5px 0; color: #8A939E;">Status:</td>
                  <td style="padding: 5px 0;">
                    <span style="display: inline-block; background-color: #3B82F6; color: #FFFFFF; font-size: 12px; font-weight: 600; padding: 3px 10px; border-radius: 12px;">Pending Medical Document</span>
                  </td>
                </tr>
                
                <tr>
                  <td style="padding: 10px 0 5px 0; color: #8A939E; vertical-align: top;">Reason:</td>
                  <td style="padding: 10px 0 5px 0; color: #14181F;">"leave de do plzzzzzz"</td>
                </tr>
                
              </table>
            </div>
            
            <p style="font-size: 14px; line-height: 1.5; color: #555;">Please log in to the Corvus Portal to approve or reject this request.</p>
          </div>
          <!-- Footer -->
          <div style="background-color: #F4F6F8; padding: 20px; text-align: center; border-top: 1px solid #E8ECF0; font-size: 12px; color: #8A939E;">
            &copy; 2026 Corvus Studio. All rights reserved.
          </div>
        </div>
      </div>
    
==============================================

=============== MOCK EMAIL SENT [2026-05-20T08:50:26.593Z] ===============
To:      raj@thecorvusstudio.com
Subject: Your OTP for Corvus Leave System: 123456
------------------ Content -------------------

      <div style="background-color: #F4F6F8; padding: 40px; font-family: 'Inter', sans-serif;">
        <div style="max-width: 600px; margin: 0 auto; background-color: #FFFFFF; border-radius: 12px; box-shadow: 0 4px 12px rgba(0,0,0,0.05); overflow: hidden; border: 1px solid #E8ECF0;">
          <!-- Header -->
          <div style="background-color: #0A0B0D; padding: 30px; text-align: center;">
            <h1 style="color: #2FB7C9; margin: 0; font-size: 24px; letter-spacing: 1px; font-weight: 700;">CORVUS STUDIO</h1>
            <p style="color: #8A939E; margin: 5px 0 0 0; font-size: 12px; text-transform: uppercase; letter-spacing: 2px;">Leave Portal</p>
          </div>
          <!-- Body -->
          <div style="padding: 40px; color: #14181F;">
            <h2 style="font-size: 20px; font-weight: 600; margin-top: 0; margin-bottom: 20px;">Secure Login Access</h2>
            <p style="font-size: 15px; line-height: 1.6; color: #555;">Hello,</p>
            <p style="font-size: 15px; line-height: 1.6; color: #555;">Use the one-time password (OTP) below to authenticate your session. This OTP is valid for 5 minutes and can only be used once.</p>
            
            <div style="margin: 30px 0; text-align: center;">
              <span style="display: inline-block; background-color: #F4F6F8; color: #1F7A8C; font-size: 36px; font-weight: 700; letter-spacing: 6px; padding: 15px 30px; border-radius: 8px; border: 1px dashed #2FB7C9; font-family: monospace;">123456</span>
            </div>
            
            <p style="font-size: 13px; line-height: 1.5; color: #8A939E;">If you did not request this OTP, please ignore this email or reach out to security operations.</p>
          </div>
          <!-- Footer -->
          <div style="background-color: #F4F6F8; padding: 20px; text-align: center; border-top: 1px solid #E8ECF0; font-size: 12px; color: #8A939E;">
            &copy; 2026 Corvus Studio. All rights reserved.
          </div>
        </div>
      </div>
    
==============================================
